<?xml version="1.0" encoding="UTF-8"?>
<testsuite xmlns:xsi="http://www.w3.org/2001/XMLSchema-instance" xsi:noNamespaceSchemaLocation="https://maven.apache.org/surefire/maven-surefire-plugin/xsd/surefire-test-report.xsd" name="org.junit5app.ejemplo.models.CuentaTest" time="3.449" tests="3" errors="0" skipped="0" failures="0">
  <properties>
[...]
</properties>
  <testcase name="timeOutTest" classname="org.junit5app.ejemplo.models.CuentaTest$PruebaTimeOut" time="2.076"/>
  <testcase name="timeOutAssertions" classname="org.junit5app.ejemplo.models.CuentaTest$PruebaTimeOut" time="0.928"/>
  <testcase name="timeOutTest2" classname="org.junit5app.ejemplo.models.CuentaTest$PruebaTimeOut" time="0.408"/>
</testsuite>